<?xml version="1.0" encoding="UTF-8"?>
<testng-results skipped="0" failed="0" ignored="0" total="1" passed="1">
  <reporter-output>
  </reporter-output>
  <suite name="Default suite" duration-ms="456801" started-at="2021-07-05T14:30:22 IST" finished-at="2021-07-05T14:37:59 IST">
    <groups>
    </groups>
    <test name="Default test" duration-ms="456801" started-at="2021-07-05T14:30:22 IST" finished-at="2021-07-05T14:37:59 IST">
      <class name="com.taxilla.suitea.InboundTest">
        <test-method status="PASS" signature="init()[pri:0, instance:com.taxilla.suitea.InboundTest@1563da5]" name="init" is-config="true" duration-ms="2677" started-at="2021-07-05T14:30:22 IST" finished-at="2021-07-05T14:30:25 IST">
          <reporter-output>
          </reporter-output>
        </test-method> <!-- init -->
        <test-method status="PASS" signature="inboundtest(java.util.Hashtable)[pri:0, instance:com.taxilla.suitea.InboundTest@1563da5]" name="inboundtest" duration-ms="448996" started-at="2021-07-05T14:30:26 IST" data-provider="getdata" finished-at="2021-07-05T14:37:55 IST">
          <params>
            <param index="0">
              <value>
                <![CDATA[{TxtInputFileName=txt_asset.txt, AppName=InboundTestSuiteA, Runmode=Y, JsonInputFileName=json_asset.json, CsvInputFileName=csv_asset.csv, SecurityAnswer2=test, ExcelInputFileName=excel_asset.xlsx, XmlInputFileName=xml_asset.xml, SecurityAnswer1=test, CustomerName=dmartorg, Browser=firefox, CustomerPassword=Test@123}]]>
              </value>
            </param>
          </params>
          <reporter-output>
          </reporter-output>
        </test-method> <!-- inboundtest -->
        <test-method status="PASS" signature="quit()[pri:0, instance:com.taxilla.suitea.InboundTest@1563da5]" name="quit" is-config="true" duration-ms="2167" started-at="2021-07-05T14:37:55 IST" finished-at="2021-07-05T14:37:58 IST">
          <reporter-output>
          </reporter-output>
        </test-method> <!-- quit -->
        <test-method status="PASS" signature="afterTest()[pri:0, instance:com.taxilla.suitea.InboundTest@1563da5]" name="afterTest" is-config="true" duration-ms="1183" started-at="2021-07-05T14:37:58 IST" finished-at="2021-07-05T14:37:59 IST">
          <reporter-output>
          </reporter-output>
        </test-method> <!-- afterTest -->
      </class> <!-- com.taxilla.suitea.InboundTest -->
    </test> <!-- Default test -->
  </suite> <!-- Default suite -->
</testng-results>
