<?xml version="1.0" encoding="UTF-8"?>
<!-- Generated by org.testng.reporters.JUnitXMLReporter -->
<testsuite hostname="user-PC" ignored="0" name="SuiteaTest1" tests="3" failures="0" timestamp="2021-04-05T22:41:44 IST" time="26.733" errors="0">
  <testcase name="login" time="23.512" classname="com.taxilla.Baseclass.TestA"/>
  <testcase name="login" time="0.003" classname="com.taxilla.Baseclass.TestA">
    <skipped/>
  </testcase> <!-- login -->
  <testcase name="login" time="0.005" classname="com.taxilla.Baseclass.TestA">
    <skipped/>
  </testcase> <!-- login -->
</testsuite> <!-- SuiteaTest1 -->
