<?xml version="1.0" encoding="UTF-8"?>
<!-- Generated by org.testng.reporters.JUnitXMLReporter -->
<testsuite hostname="user-PC" ignored="1" name="SuiteaTest" tests="6" failures="0" timestamp="2021-04-07T17:26:28 IST" time="61.758" errors="0">
  <testcase name="login" time="35.979" classname="com.taxilla.suitea.TenantBasedPartition"/>
  <testcase name="login" time="0.004" classname="com.taxilla.suitea.TenantBasedPartition">
    <skipped/>
  </testcase> <!-- login -->
  <testcase name="login" time="0.004" classname="com.taxilla.suitea.TenantBasedPartition">
    <skipped/>
  </testcase> <!-- login -->
  <testcase name="login" time="17.158" classname="com.taxilla.suitea.TestA"/>
  <testcase name="login" time="0.007" classname="com.taxilla.suitea.TestA">
    <skipped/>
  </testcase> <!-- login -->
  <testcase name="login" time="0.009" classname="com.taxilla.suitea.TestA">
    <skipped/>
  </testcase> <!-- login -->
  <testcase name="@BeforeTest init" time="0.0" classname="com.taxilla.Baseclass.BaseClass">
    <ignored/>
  </testcase> <!-- @BeforeTest init -->
</testsuite> <!-- SuiteaTest -->
